SF:lib\services\finance_calculator.dart
DA:11,1
DA:17,1
DA:18,1
DA:19,1
DA:21,1
DA:23,1
DA:28,1
DA:29,1
DA:30,1
DA:32,1
DA:34,1
DA:43,1
DA:49,1
DA:50,2
DA:51,1
DA:52,1
DA:57,1
DA:59,2
DA:60,1
DA:62,2
DA:63,2
DA:65,3
DA:68,3
DA:71,1
DA:78,1
DA:80,4
DA:81,5
DA:84,1
DA:86,4
DA:87,4
DA:90,1
DA:91,1
DA:93,2
DA:94,1
DA:95,2
DA:96,5
DA:103,1
DA:104,1
DA:106,1
DA:111,2
DA:112,1
LF:41
LH:41
end_of_record
SF:lib\models\transaction.dart
DA:31,1
DA:39,3
DA:40,3
DA:41,3
DA:42,3
DA:43,3
DA:44,1
DA:45,1
DA:46,3
DA:47,1
DA:48,0
DA:49,0
DA:54,0
DA:55,0
DA:57,0
DA:58,0
DA:59,0
DA:60,0
DA:61,0
DA:62,0
DA:63,0
DA:64,0
DA:68,0
DA:69,0
DA:70,0
DA:71,0
DA:72,0
DA:73,0
DA:74,0
DA:75,0
DA:76,0
DA:77,0
DA:78,0
DA:82,0
DA:83,0
DA:84,0
DA:85,0
DA:86,0
DA:87,0
DA:88,0
DA:89,0
DA:93,0
DA:94,3
DA:96,0
DA:98,0
DA:99,0
DA:111,0
DA:115,0
DA:116,0
DA:117,0
DA:118,0
DA:119,0
DA:120,0
DA:121,0
DA:122,0
DA:123,0
LF:56
LH:11
end_of_record
SF:lib\config\app_colors.dart
DA:6,0
LF:1
LH:0
end_of_record
SF:lib\config\app_strings.dart
DA:4,0
LF:1
LH:0
end_of_record
SF:lib\config\finance_config.dart
DA:2,1
DA:3,3
DA:8,1
DA:9,1
DA:18,0
DA:19,0
DA:21,0
DA:60,0
DA:61,0
DA:64,0
DA:65,0
DA:68,0
DA:69,0
DA:72,0
DA:74,0
DA:75,0
LF:16
LH:4
end_of_record
